c9ec9e3 adding something
9d576b4 ex17 - resolved conflict
984c376 ex17 - table
982f200 ex17 - 200px
1d74900 ex17 - 150px
38a6ef6 ex17
11b6a7c Merge branch 'master' of github.com:ElNowiko/slideshow_
186c4e0 ex15
ad49f5e ex13 reflog
89c25fc ex12 logs
3cb7701 ex11 a
16fbc16 ex8 - dashed
48287a0 Merge branch 'master' of github.com:ElNowiko/slideshow_
f677f8f ex6
c2c929f Merge branch 'master' of github.com:ElNowiko/slideshow_
139dbcc ex7
3365375 Merge branch 'master' of github.com:ElNowiko/slideshow_
57afed8 ex6 cut
3d6d464 ex5
f386284 Merge branch 'master' of github.com:ElNowiko/slideshow_
9ffb39d ex5 - html
842712f ex3 - cp logo5
a1a581a ex3 - mv
a911b9e fix
df9c0be change rotation
04a8303 moving files ex3
e01c342 Merge branch 'master' of github.com:ElNowiko/slideshow_
5fe5de3 moving files ex3
ed57b3c moving files ex3
848effe first commit
